<?xml version="1.0" encoding="UTF-8"?>
<testsuite name="sbu.cs.FindMultiplesTest" tests="1" skipped="0" failures="0" errors="0" timestamp="2023-05-12T09:19:02" hostname="HAMIDSURFACE" time="0.08">
  <properties/>
  <testcase name="testTwo()" classname="sbu.cs.FindMultiplesTest" time="0.08"/>
  <system-out><![CDATA[3
6
9
12
15
5
10
7
14
]]></system-out>
  <system-err><![CDATA[]]></system-err>
</testsuite>
