<?xml version="1.0" encoding="UTF-8"?>
<testsuite name="sbu.cs.FindMultiplesTest" tests="1" skipped="0" failures="0" errors="0" timestamp="2023-05-02T13:39:51" hostname="DESKTOP-UHGR99T" time="0.009">
  <properties/>
  <testcase name="testSix()" classname="sbu.cs.FindMultiplesTest" time="0.009"/>
  <system-out><![CDATA[]]></system-out>
  <system-err><![CDATA[]]></system-err>
</testsuite>
